<?xml version="1.0" encoding="UTF-8"?>
<!-- Generated by org.testng.reporters.JUnitReportReporter -->
<testsuite hostname="Rojalin" failures="0" tests="1" name="com.w2a.testcases.LoginTest" time="3.244" errors="0" timestamp="2023-09-03T15:11:28 IST" skipped="0">
  <testcase classname="com.w2a.testcases.LoginTest" name="loginAsBankManager" time="3.244"/>
  <system-out/>
</testsuite> <!-- com.w2a.testcases.LoginTest -->
